Determining if the pthread_create exist failed with the following output:
Change Dir: /home/pzmij/biblioteki/UWLCM/build_LT/CMakeFiles/CMakeTmp

Run Build Command:"/usr/bin/make" "cmTC_d2b46/fast"
/usr/bin/make -f CMakeFiles/cmTC_d2b46.dir/build.make CMakeFiles/cmTC_d2b46.dir/build
make[1]: Entering directory '/home/pzmij/biblioteki/UWLCM/build_LT/CMakeFiles/CMakeTmp'
Building C object CMakeFiles/cmTC_d2b46.dir/CheckSymbolExists.c.o
/usr/bin/cc    -o CMakeFiles/cmTC_d2b46.dir/CheckSymbolExists.c.o   -c /home/pzmij/biblioteki/UWLCM/build_LT/CMakeFiles/CMakeTmp/CheckSymbolExists.c
Linking C executable cmTC_d2b46
/usr/local/bin/cmake -E cmake_link_script CMakeFiles/cmTC_d2b46.dir/link.txt --verbose=1
/usr/bin/cc      -rdynamic CMakeFiles/cmTC_d2b46.dir/CheckSymbolExists.c.o  -o cmTC_d2b46 
CMakeFiles/cmTC_d2b46.dir/CheckSymbolExists.c.o: In function `main':
CheckSymbolExists.c:(.text+0x1b): undefined reference to `pthread_create'
collect2: error: ld returned 1 exit status
CMakeFiles/cmTC_d2b46.dir/build.make:86: recipe for target 'cmTC_d2b46' failed
make[1]: *** [cmTC_d2b46] Error 1
make[1]: Leaving directory '/home/pzmij/biblioteki/UWLCM/build_LT/CMakeFiles/CMakeTmp'
Makefile:121: recipe for target 'cmTC_d2b46/fast' failed
make: *** [cmTC_d2b46/fast] Error 2

File /home/pzmij/biblioteki/UWLCM/build_LT/CMakeFiles/CMakeTmp/CheckSymbolExists.c:
/* */
#include <pthread.h>

int main(int argc, char** argv)
{
  (void)argv;
#ifndef pthread_create
  return ((int*)(&pthread_create))[argc];
#else
  (void)argc;
  return 0;
#endif
}

Determining if the function pthread_create exists in the pthreads failed with the following output:
Change Dir: /home/pzmij/biblioteki/UWLCM/build_LT/CMakeFiles/CMakeTmp

Run Build Command:"/usr/bin/make" "cmTC_c1129/fast"
/usr/bin/make -f CMakeFiles/cmTC_c1129.dir/build.make CMakeFiles/cmTC_c1129.dir/build
make[1]: Entering directory '/home/pzmij/biblioteki/UWLCM/build_LT/CMakeFiles/CMakeTmp'
Building C object CMakeFiles/cmTC_c1129.dir/CheckFunctionExists.c.o
/usr/bin/cc   -DCHECK_FUNCTION_EXISTS=pthread_create   -o CMakeFiles/cmTC_c1129.dir/CheckFunctionExists.c.o   -c /usr/local/share/cmake-3.13/Modules/CheckFunctionExists.c
Linking C executable cmTC_c1129
/usr/local/bin/cmake -E cmake_link_script CMakeFiles/cmTC_c1129.dir/link.txt --verbose=1
/usr/bin/cc  -DCHECK_FUNCTION_EXISTS=pthread_create    -rdynamic CMakeFiles/cmTC_c1129.dir/CheckFunctionExists.c.o  -o cmTC_c1129 -lpthreads 
/usr/bin/ld: cannot find -lpthreads
collect2: error: ld returned 1 exit status
CMakeFiles/cmTC_c1129.dir/build.make:86: recipe for target 'cmTC_c1129' failed
make[1]: *** [cmTC_c1129] Error 1
make[1]: Leaving directory '/home/pzmij/biblioteki/UWLCM/build_LT/CMakeFiles/CMakeTmp'
Makefile:121: recipe for target 'cmTC_c1129/fast' failed
make: *** [cmTC_c1129/fast] Error 2


