Determining if the pthread_create exist failed with the following output:
Change Dir: /home/pzmij/biblioteki/UWLCM/build/CMakeFiles/CMakeTmp

Run Build Command:"/usr/bin/make" "cmTC_482f9/fast"
/usr/bin/make -f CMakeFiles/cmTC_482f9.dir/build.make CMakeFiles/cmTC_482f9.dir/build
make[1]: Entering directory '/home/pzmij/biblioteki/UWLCM/build/CMakeFiles/CMakeTmp'
Building C object CMakeFiles/cmTC_482f9.dir/CheckSymbolExists.c.o
/usr/bin/cc    -o CMakeFiles/cmTC_482f9.dir/CheckSymbolExists.c.o   -c /home/pzmij/biblioteki/UWLCM/build/CMakeFiles/CMakeTmp/CheckSymbolExists.c
Linking C executable cmTC_482f9
/usr/local/bin/cmake -E cmake_link_script CMakeFiles/cmTC_482f9.dir/link.txt --verbose=1
/usr/bin/cc      -rdynamic CMakeFiles/cmTC_482f9.dir/CheckSymbolExists.c.o  -o cmTC_482f9 
CMakeFiles/cmTC_482f9.dir/CheckSymbolExists.c.o: In function `main':
CheckSymbolExists.c:(.text+0x1b): undefined reference to `pthread_create'
collect2: error: ld returned 1 exit status
CMakeFiles/cmTC_482f9.dir/build.make:86: recipe for target 'cmTC_482f9' failed
make[1]: *** [cmTC_482f9] Error 1
make[1]: Leaving directory '/home/pzmij/biblioteki/UWLCM/build/CMakeFiles/CMakeTmp'
Makefile:121: recipe for target 'cmTC_482f9/fast' failed
make: *** [cmTC_482f9/fast] Error 2

File /home/pzmij/biblioteki/UWLCM/build/CMakeFiles/CMakeTmp/CheckSymbolExists.c:
/* */
#include <pthread.h>

int main(int argc, char** argv)
{
  (void)argv;
#ifndef pthread_create
  return ((int*)(&pthread_create))[argc];
#else
  (void)argc;
  return 0;
#endif
}

Determining if the function pthread_create exists in the pthreads failed with the following output:
Change Dir: /home/pzmij/biblioteki/UWLCM/build/CMakeFiles/CMakeTmp

Run Build Command:"/usr/bin/make" "cmTC_5604c/fast"
/usr/bin/make -f CMakeFiles/cmTC_5604c.dir/build.make CMakeFiles/cmTC_5604c.dir/build
make[1]: Entering directory '/home/pzmij/biblioteki/UWLCM/build/CMakeFiles/CMakeTmp'
Building C object CMakeFiles/cmTC_5604c.dir/CheckFunctionExists.c.o
/usr/bin/cc   -DCHECK_FUNCTION_EXISTS=pthread_create   -o CMakeFiles/cmTC_5604c.dir/CheckFunctionExists.c.o   -c /usr/local/share/cmake-3.13/Modules/CheckFunctionExists.c
Linking C executable cmTC_5604c
/usr/local/bin/cmake -E cmake_link_script CMakeFiles/cmTC_5604c.dir/link.txt --verbose=1
/usr/bin/cc  -DCHECK_FUNCTION_EXISTS=pthread_create    -rdynamic CMakeFiles/cmTC_5604c.dir/CheckFunctionExists.c.o  -o cmTC_5604c -lpthreads 
/usr/bin/ld: cannot find -lpthreads
collect2: error: ld returned 1 exit status
CMakeFiles/cmTC_5604c.dir/build.make:86: recipe for target 'cmTC_5604c' failed
make[1]: *** [cmTC_5604c] Error 1
make[1]: Leaving directory '/home/pzmij/biblioteki/UWLCM/build/CMakeFiles/CMakeTmp'
Makefile:121: recipe for target 'cmTC_5604c/fast' failed
make: *** [cmTC_5604c/fast] Error 2


