Determining if the pthread_create exist failed with the following output:
Change Dir: /home/plgdziekan/code/drawbicyc/build/CMakeFiles/CMakeTmp

Run Build Command:"/usr/bin/gmake" "cmTC_66c14/fast"
/usr/bin/gmake -f CMakeFiles/cmTC_66c14.dir/build.make CMakeFiles/cmTC_66c14.dir/build
gmake[1]: Entering directory `/home/plgdziekan/code/drawbicyc/build/CMakeFiles/CMakeTmp'
Building C object CMakeFiles/cmTC_66c14.dir/CheckSymbolExists.c.o
/home/plgdziekan/local_installs/gcc-4.9.3-install/bin/gcc     -o CMakeFiles/cmTC_66c14.dir/CheckSymbolExists.c.o   -c /home/plgdziekan/code/drawbicyc/build/CMakeFiles/CMakeTmp/CheckSymbolExists.c
Linking C executable cmTC_66c14
/home/plgdziekan/local_installs/cmake-3.5.0-Linux-x86_64/bin/cmake -E cmake_link_script CMakeFiles/cmTC_66c14.dir/link.txt --verbose=1
/home/plgdziekan/local_installs/gcc-4.9.3-install/bin/gcc       CMakeFiles/cmTC_66c14.dir/CheckSymbolExists.c.o  -o cmTC_66c14 -rdynamic 
CMakeFiles/cmTC_66c14.dir/CheckSymbolExists.c.o: In function `main':
CheckSymbolExists.c:(.text+0x16): undefined reference to `pthread_create'
collect2: error: ld returned 1 exit status
gmake[1]: *** [cmTC_66c14] Error 1
gmake[1]: Leaving directory `/home/plgdziekan/code/drawbicyc/build/CMakeFiles/CMakeTmp'
gmake: *** [cmTC_66c14/fast] Error 2

File /home/plgdziekan/code/drawbicyc/build/CMakeFiles/CMakeTmp/CheckSymbolExists.c:
/* */
#include <pthread.h>

int main(int argc, char** argv)
{
  (void)argv;
#ifndef pthread_create
  return ((int*)(&pthread_create))[argc];
#else
  (void)argc;
  return 0;
#endif
}

Determining if the function pthread_create exists in the pthreads failed with the following output:
Change Dir: /home/plgdziekan/code/drawbicyc/build/CMakeFiles/CMakeTmp

Run Build Command:"/usr/bin/gmake" "cmTC_c37f7/fast"
/usr/bin/gmake -f CMakeFiles/cmTC_c37f7.dir/build.make CMakeFiles/cmTC_c37f7.dir/build
gmake[1]: Entering directory `/home/plgdziekan/code/drawbicyc/build/CMakeFiles/CMakeTmp'
Building C object CMakeFiles/cmTC_c37f7.dir/CheckFunctionExists.c.o
/home/plgdziekan/local_installs/gcc-4.9.3-install/bin/gcc    -DCHECK_FUNCTION_EXISTS=pthread_create   -o CMakeFiles/cmTC_c37f7.dir/CheckFunctionExists.c.o   -c /home/plgdziekan/local_installs/cmake-3.5.0-Linux-x86_64/share/cmake-3.5/Modules/CheckFunctionExists.c
Linking C executable cmTC_c37f7
/home/plgdziekan/local_installs/cmake-3.5.0-Linux-x86_64/bin/cmake -E cmake_link_script CMakeFiles/cmTC_c37f7.dir/link.txt --verbose=1
/home/plgdziekan/local_installs/gcc-4.9.3-install/bin/gcc   -DCHECK_FUNCTION_EXISTS=pthread_create    CMakeFiles/cmTC_c37f7.dir/CheckFunctionExists.c.o  -o cmTC_c37f7 -rdynamic -lpthreads 
/usr/bin/ld: cannot find -lpthreads
collect2: error: ld returned 1 exit status
gmake[1]: *** [cmTC_c37f7] Error 1
gmake[1]: Leaving directory `/home/plgdziekan/code/drawbicyc/build/CMakeFiles/CMakeTmp'
gmake: *** [cmTC_c37f7/fast] Error 2


