The system is: Linux - 3.10.0-229.11.1.el7.x86_64 - x86_64
Compiling the CXX compiler identification source file "CMakeCXXCompilerId.cpp" succeeded.
Compiler: /home/plgdziekan/local_installs/gcc-4.9.3-install/bin/g++ 
Build flags: 
Id flags: 

The output was:
0


Compilation of the CXX compiler identification source "CMakeCXXCompilerId.cpp" produced "a.out"

The CXX compiler identification is GNU, found in "/home/plgdziekan/code/drawbicyc/build/CMakeFiles/3.5.0/CompilerIdCXX/a.out"

Compiling the C compiler identification source file "CMakeCCompilerId.c" succeeded.
Compiler: /home/plgdziekan/local_installs/gcc-4.9.3-install/bin/gcc 
Build flags: 
Id flags: 

The output was:
0


Compilation of the C compiler identification source "CMakeCCompilerId.c" produced "a.out"

The C compiler identification is GNU, found in "/home/plgdziekan/code/drawbicyc/build/CMakeFiles/3.5.0/CompilerIdC/a.out"

Determining if the CXX compiler works passed with the following output:
Change Dir: /home/plgdziekan/code/drawbicyc/build/CMakeFiles/CMakeTmp

Run Build Command:"/usr/bin/gmake" "cmTC_04505/fast"
/usr/bin/gmake -f CMakeFiles/cmTC_04505.dir/build.make CMakeFiles/cmTC_04505.dir/build
gmake[1]: Entering directory `/home/plgdziekan/code/drawbicyc/build/CMakeFiles/CMakeTmp'
Building CXX object CMakeFiles/cmTC_04505.dir/testCXXCompiler.cxx.o
/home/plgdziekan/local_installs/gcc-4.9.3-install/bin/g++      -o CMakeFiles/cmTC_04505.dir/testCXXCompiler.cxx.o -c /home/plgdziekan/code/drawbicyc/build/CMakeFiles/CMakeTmp/testCXXCompiler.cxx
Linking CXX executable cmTC_04505
/home/plgdziekan/local_installs/cmake-3.5.0-Linux-x86_64/bin/cmake -E cmake_link_script CMakeFiles/cmTC_04505.dir/link.txt --verbose=1
/home/plgdziekan/local_installs/gcc-4.9.3-install/bin/g++        CMakeFiles/cmTC_04505.dir/testCXXCompiler.cxx.o  -o cmTC_04505 -rdynamic 
gmake[1]: Leaving directory `/home/plgdziekan/code/drawbicyc/build/CMakeFiles/CMakeTmp'


Detecting CXX compiler ABI info compiled with the following output:
Change Dir: /home/plgdziekan/code/drawbicyc/build/CMakeFiles/CMakeTmp

Run Build Command:"/usr/bin/gmake" "cmTC_9ea8d/fast"
/usr/bin/gmake -f CMakeFiles/cmTC_9ea8d.dir/build.make CMakeFiles/cmTC_9ea8d.dir/build
gmake[1]: Entering directory `/home/plgdziekan/code/drawbicyc/build/CMakeFiles/CMakeTmp'
Building CXX object CMakeFiles/cmTC_9ea8d.dir/CMakeCXXCompilerABI.cpp.o
/home/plgdziekan/local_installs/gcc-4.9.3-install/bin/g++      -o CMakeFiles/cmTC_9ea8d.dir/CMakeCXXCompilerABI.cpp.o -c /home/plgdziekan/local_installs/cmake-3.5.0-Linux-x86_64/share/cmake-3.5/Modules/CMakeCXXCompilerABI.cpp
Linking CXX executable cmTC_9ea8d
/home/plgdziekan/local_installs/cmake-3.5.0-Linux-x86_64/bin/cmake -E cmake_link_script CMakeFiles/cmTC_9ea8d.dir/link.txt --verbose=1
/home/plgdziekan/local_installs/gcc-4.9.3-install/bin/g++       -v CMakeFiles/cmTC_9ea8d.dir/CMakeCXXCompilerABI.cpp.o  -o cmTC_9ea8d -rdynamic  
Using built-in specs.
COLLECT_GCC=/home/plgdziekan/local_installs/gcc-4.9.3-install/bin/g++
COLLECT_LTO_WRAPPER=/home/plgdziekan/local_installs/gcc-4.9.3-install/libexec/gcc/x86_64-unknown-linux-gnu/4.9.3/lto-wrapper
Target: x86_64-unknown-linux-gnu
Configured with: ../gcc-4.9.3/configure --prefix=/home/plgdziekan/local_installs/gcc-4.9.3-install --enable-threads --enable-languages=c,c++ --disable-multilib --disable-libsanitizer --disable-nls
Thread model: posix
gcc version 4.9.3 (GCC) 
COMPILER_PATH=/home/plgdziekan/local_installs/gcc-4.9.3-install/libexec/gcc/x86_64-unknown-linux-gnu/4.9.3/:/home/plgdziekan/local_installs/gcc-4.9.3-install/libexec/gcc/x86_64-unknown-linux-gnu/4.9.3/:/home/plgdziekan/local_installs/gcc-4.9.3-install/libexec/gcc/x86_64-unknown-linux-gnu/:/home/plgdziekan/local_installs/gcc-4.9.3-install/lib/gcc/x86_64-unknown-linux-gnu/4.9.3/:/home/plgdziekan/local_installs/gcc-4.9.3-install/lib/gcc/x86_64-unknown-linux-gnu/
LIBRARY_PATH=/home/plgdziekan/local_installs/gcc-4.9.3-install/lib64/../lib64/:/home/plgdziekan/local_installs/gcc-4.9.3-install/lib/gcc/x86_64-unknown-linux-gnu/4.9.3/:/home/plgdziekan/local_installs/gcc-4.9.3-install/lib/gcc/x86_64-unknown-linux-gnu/4.9.3/../../../../lib64/:/lib/../lib64/:/usr/lib/../lib64/:./:/home/plgdziekan/local_installs/blitz-0.10/lib/:/home/plgdziekan/local_installs/bzip2-1.0.6/build/lib/:/home/plgdziekan/local_installs/gcc-4.9.3-install/lib64/:/home/plgdziekan/local_installs/gcc-4.9.3-install/lib/gcc/x86_64-unknown-linux-gnu/4.9.3/../../../:/lib/:/usr/lib/
COLLECT_GCC_OPTIONS='-v' '-o' 'cmTC_9ea8d' '-rdynamic' '-shared-libgcc' '-mtune=generic' '-march=x86-64'
 /home/plgdziekan/local_installs/gcc-4.9.3-install/libexec/gcc/x86_64-unknown-linux-gnu/4.9.3/collect2 -plugin /home/plgdziekan/local_installs/gcc-4.9.3-install/libexec/gcc/x86_64-unknown-linux-gnu/4.9.3/liblto_plugin.so -plugin-opt=/home/plgdziekan/local_installs/gcc-4.9.3-install/libexec/gcc/x86_64-unknown-linux-gnu/4.9.3/lto-wrapper -plugin-opt=-fresolution=/tmp/ccWhoDjE.res -plugin-opt=-pass-through=-lgcc_s -plugin-opt=-pass-through=-lgcc -plugin-opt=-pass-through=-lc -plugin-opt=-pass-through=-lgcc_s -plugin-opt=-pass-through=-lgcc --eh-frame-hdr -m elf_x86_64 -export-dynamic -dynamic-linker /lib64/ld-linux-x86-64.so.2 -o cmTC_9ea8d /lib/../lib64/crt1.o /lib/../lib64/crti.o /home/plgdziekan/local_installs/gcc-4.9.3-install/lib/gcc/x86_64-unknown-linux-gnu/4.9.3/crtbegin.o -L/home/plgdziekan/local_installs/gcc-4.9.3-install/lib64/../lib64 -L/home/plgdziekan/local_installs/gcc-4.9.3-install/lib/gcc/x86_64-unknown-linux-gnu/4.9.3 -L/home/plgdziekan/local_installs/gcc-4.9.3-install/lib/gcc/x86_64-unknown-linux-gnu/4.9.3/../../../../lib64 -L/lib/../lib64 -L/usr/lib/../lib64 -L. -L/home/plgdziekan/local_installs/blitz-0.10/lib -L/home/plgdziekan/local_installs/bzip2-1.0.6/build/lib -L/home/plgdziekan/local_installs/gcc-4.9.3-install/lib64 -L/home/plgdziekan/local_installs/gcc-4.9.3-install/lib/gcc/x86_64-unknown-linux-gnu/4.9.3/../../.. CMakeFiles/cmTC_9ea8d.dir/CMakeCXXCompilerABI.cpp.o -lstdc++ -lm -lgcc_s -lgcc -lc -lgcc_s -lgcc /home/plgdziekan/local_installs/gcc-4.9.3-install/lib/gcc/x86_64-unknown-linux-gnu/4.9.3/crtend.o /lib/../lib64/crtn.o
gmake[1]: Leaving directory `/home/plgdziekan/code/drawbicyc/build/CMakeFiles/CMakeTmp'


Parsed CXX implicit link information from above output:
  link line regex: [^( *|.*[/\])(ld|([^/\]+-)?ld|collect2)[^/\]*( |$)]
  ignore line: [Change Dir: /home/plgdziekan/code/drawbicyc/build/CMakeFiles/CMakeTmp]
  ignore line: []
  ignore line: [Run Build Command:"/usr/bin/gmake" "cmTC_9ea8d/fast"]
  ignore line: [/usr/bin/gmake -f CMakeFiles/cmTC_9ea8d.dir/build.make CMakeFiles/cmTC_9ea8d.dir/build]
  ignore line: [gmake[1]: Entering directory `/home/plgdziekan/code/drawbicyc/build/CMakeFiles/CMakeTmp']
  ignore line: [Building CXX object CMakeFiles/cmTC_9ea8d.dir/CMakeCXXCompilerABI.cpp.o]
  ignore line: [/home/plgdziekan/local_installs/gcc-4.9.3-install/bin/g++      -o CMakeFiles/cmTC_9ea8d.dir/CMakeCXXCompilerABI.cpp.o -c /home/plgdziekan/local_installs/cmake-3.5.0-Linux-x86_64/share/cmake-3.5/Modules/CMakeCXXCompilerABI.cpp]
  ignore line: [Linking CXX executable cmTC_9ea8d]
  ignore line: [/home/plgdziekan/local_installs/cmake-3.5.0-Linux-x86_64/bin/cmake -E cmake_link_script CMakeFiles/cmTC_9ea8d.dir/link.txt --verbose=1]
  ignore line: [/home/plgdziekan/local_installs/gcc-4.9.3-install/bin/g++       -v CMakeFiles/cmTC_9ea8d.dir/CMakeCXXCompilerABI.cpp.o  -o cmTC_9ea8d -rdynamic  ]
  ignore line: [Using built-in specs.]
  ignore line: [COLLECT_GCC=/home/plgdziekan/local_installs/gcc-4.9.3-install/bin/g++]
  ignore line: [COLLECT_LTO_WRAPPER=/home/plgdziekan/local_installs/gcc-4.9.3-install/libexec/gcc/x86_64-unknown-linux-gnu/4.9.3/lto-wrapper]
  ignore line: [Target: x86_64-unknown-linux-gnu]
  ignore line: [Configured with: ../gcc-4.9.3/configure --prefix=/home/plgdziekan/local_installs/gcc-4.9.3-install --enable-threads --enable-languages=c,c++ --disable-multilib --disable-libsanitizer --disable-nls]
  ignore line: [Thread model: posix]
  ignore line: [gcc version 4.9.3 (GCC) ]
  ignore line: [COMPILER_PATH=/home/plgdziekan/local_installs/gcc-4.9.3-install/libexec/gcc/x86_64-unknown-linux-gnu/4.9.3/:/home/plgdziekan/local_installs/gcc-4.9.3-install/libexec/gcc/x86_64-unknown-linux-gnu/4.9.3/:/home/plgdziekan/local_installs/gcc-4.9.3-install/libexec/gcc/x86_64-unknown-linux-gnu/:/home/plgdziekan/local_installs/gcc-4.9.3-install/lib/gcc/x86_64-unknown-linux-gnu/4.9.3/:/home/plgdziekan/local_installs/gcc-4.9.3-install/lib/gcc/x86_64-unknown-linux-gnu/]
  ignore line: [LIBRARY_PATH=/home/plgdziekan/local_installs/gcc-4.9.3-install/lib64/../lib64/:/home/plgdziekan/local_installs/gcc-4.9.3-install/lib/gcc/x86_64-unknown-linux-gnu/4.9.3/:/home/plgdziekan/local_installs/gcc-4.9.3-install/lib/gcc/x86_64-unknown-linux-gnu/4.9.3/../../../../lib64/:/lib/../lib64/:/usr/lib/../lib64/:./:/home/plgdziekan/local_installs/blitz-0.10/lib/:/home/plgdziekan/local_installs/bzip2-1.0.6/build/lib/:/home/plgdziekan/local_installs/gcc-4.9.3-install/lib64/:/home/plgdziekan/local_installs/gcc-4.9.3-install/lib/gcc/x86_64-unknown-linux-gnu/4.9.3/../../../:/lib/:/usr/lib/]
  ignore line: [COLLECT_GCC_OPTIONS='-v' '-o' 'cmTC_9ea8d' '-rdynamic' '-shared-libgcc' '-mtune=generic' '-march=x86-64']
  link line: [ /home/plgdziekan/local_installs/gcc-4.9.3-install/libexec/gcc/x86_64-unknown-linux-gnu/4.9.3/collect2 -plugin /home/plgdziekan/local_installs/gcc-4.9.3-install/libexec/gcc/x86_64-unknown-linux-gnu/4.9.3/liblto_plugin.so -plugin-opt=/home/plgdziekan/local_installs/gcc-4.9.3-install/libexec/gcc/x86_64-unknown-linux-gnu/4.9.3/lto-wrapper -plugin-opt=-fresolution=/tmp/ccWhoDjE.res -plugin-opt=-pass-through=-lgcc_s -plugin-opt=-pass-through=-lgcc -plugin-opt=-pass-through=-lc -plugin-opt=-pass-through=-lgcc_s -plugin-opt=-pass-through=-lgcc --eh-frame-hdr -m elf_x86_64 -export-dynamic -dynamic-linker /lib64/ld-linux-x86-64.so.2 -o cmTC_9ea8d /lib/../lib64/crt1.o /lib/../lib64/crti.o /home/plgdziekan/local_installs/gcc-4.9.3-install/lib/gcc/x86_64-unknown-linux-gnu/4.9.3/crtbegin.o -L/home/plgdziekan/local_installs/gcc-4.9.3-install/lib64/../lib64 -L/home/plgdziekan/local_installs/gcc-4.9.3-install/lib/gcc/x86_64-unknown-linux-gnu/4.9.3 -L/home/plgdziekan/local_installs/gcc-4.9.3-install/lib/gcc/x86_64-unknown-linux-gnu/4.9.3/../../../../lib64 -L/lib/../lib64 -L/usr/lib/../lib64 -L. -L/home/plgdziekan/local_installs/blitz-0.10/lib -L/home/plgdziekan/local_installs/bzip2-1.0.6/build/lib -L/home/plgdziekan/local_installs/gcc-4.9.3-install/lib64 -L/home/plgdziekan/local_installs/gcc-4.9.3-install/lib/gcc/x86_64-unknown-linux-gnu/4.9.3/../../.. CMakeFiles/cmTC_9ea8d.dir/CMakeCXXCompilerABI.cpp.o -lstdc++ -lm -lgcc_s -lgcc -lc -lgcc_s -lgcc /home/plgdziekan/local_installs/gcc-4.9.3-install/lib/gcc/x86_64-unknown-linux-gnu/4.9.3/crtend.o /lib/../lib64/crtn.o]
    arg [/home/plgdziekan/local_installs/gcc-4.9.3-install/libexec/gcc/x86_64-unknown-linux-gnu/4.9.3/collect2] ==> ignore
    arg [-plugin] ==> ignore
    arg [/home/plgdziekan/local_installs/gcc-4.9.3-install/libexec/gcc/x86_64-unknown-linux-gnu/4.9.3/liblto_plugin.so] ==> ignore
    arg [-plugin-opt=/home/plgdziekan/local_installs/gcc-4.9.3-install/libexec/gcc/x86_64-unknown-linux-gnu/4.9.3/lto-wrapper] ==> ignore
    arg [-plugin-opt=-fresolution=/tmp/ccWhoDjE.res] ==> ignore
    arg [-plugin-opt=-pass-through=-lgcc_s] ==> ignore
    arg [-plugin-opt=-pass-through=-lgcc] ==> ignore
    arg [-plugin-opt=-pass-through=-lc] ==> ignore
    arg [-plugin-opt=-pass-through=-lgcc_s] ==> ignore
    arg [-plugin-opt=-pass-through=-lgcc] ==> ignore
    arg [--eh-frame-hdr] ==> ignore
    arg [-m] ==> ignore
    arg [elf_x86_64] ==> ignore
    arg [-export-dynamic] ==> ignore
    arg [-dynamic-linker] ==> ignore
    arg [/lib64/ld-linux-x86-64.so.2] ==> ignore
    arg [-o] ==> ignore
    arg [cmTC_9ea8d] ==> ignore
    arg [/lib/../lib64/crt1.o] ==> ignore
    arg [/lib/../lib64/crti.o] ==> ignore
    arg [/home/plgdziekan/local_installs/gcc-4.9.3-install/lib/gcc/x86_64-unknown-linux-gnu/4.9.3/crtbegin.o] ==> ignore
    arg [-L/home/plgdziekan/local_installs/gcc-4.9.3-install/lib64/../lib64] ==> dir [/home/plgdziekan/local_installs/gcc-4.9.3-install/lib64/../lib64]
    arg [-L/home/plgdziekan/local_installs/gcc-4.9.3-install/lib/gcc/x86_64-unknown-linux-gnu/4.9.3] ==> dir [/home/plgdziekan/local_installs/gcc-4.9.3-install/lib/gcc/x86_64-unknown-linux-gnu/4.9.3]
    arg [-L/home/plgdziekan/local_installs/gcc-4.9.3-install/lib/gcc/x86_64-unknown-linux-gnu/4.9.3/../../../../lib64] ==> dir [/home/plgdziekan/local_installs/gcc-4.9.3-install/lib/gcc/x86_64-unknown-linux-gnu/4.9.3/../../../../lib64]
    arg [-L/lib/../lib64] ==> dir [/lib/../lib64]
    arg [-L/usr/lib/../lib64] ==> dir [/usr/lib/../lib64]
    arg [-L.] ==> ignore
    arg [-L/home/plgdziekan/local_installs/blitz-0.10/lib] ==> dir [/home/plgdziekan/local_installs/blitz-0.10/lib]
    arg [-L/home/plgdziekan/local_installs/bzip2-1.0.6/build/lib] ==> dir [/home/plgdziekan/local_installs/bzip2-1.0.6/build/lib]
    arg [-L/home/plgdziekan/local_installs/gcc-4.9.3-install/lib64] ==> dir [/home/plgdziekan/local_installs/gcc-4.9.3-install/lib64]
    arg [-L/home/plgdziekan/local_installs/gcc-4.9.3-install/lib/gcc/x86_64-unknown-linux-gnu/4.9.3/../../..] ==> dir [/home/plgdziekan/local_installs/gcc-4.9.3-install/lib/gcc/x86_64-unknown-linux-gnu/4.9.3/../../..]
    arg [CMakeFiles/cmTC_9ea8d.dir/CMakeCXXCompilerABI.cpp.o] ==> ignore
    arg [-lstdc++] ==> lib [stdc++]
    arg [-lm] ==> lib [m]
    arg [-lgcc_s] ==> lib [gcc_s]
    arg [-lgcc] ==> lib [gcc]
    arg [-lc] ==> lib [c]
    arg [-lgcc_s] ==> lib [gcc_s]
    arg [-lgcc] ==> lib [gcc]
    arg [/home/plgdziekan/local_installs/gcc-4.9.3-install/lib/gcc/x86_64-unknown-linux-gnu/4.9.3/crtend.o] ==> ignore
    arg [/lib/../lib64/crtn.o] ==> ignore
  remove lib [gcc_s]
  remove lib [gcc]
  remove lib [gcc_s]
  remove lib [gcc]
  collapse library dir [/home/plgdziekan/local_installs/gcc-4.9.3-install/lib64/../lib64] ==> [/home/plgdziekan/local_installs/gcc-4.9.3-install/lib64]
  collapse library dir [/home/plgdziekan/local_installs/gcc-4.9.3-install/lib/gcc/x86_64-unknown-linux-gnu/4.9.3] ==> [/home/plgdziekan/local_installs/gcc-4.9.3-install/lib/gcc/x86_64-unknown-linux-gnu/4.9.3]
  collapse library dir [/home/plgdziekan/local_installs/gcc-4.9.3-install/lib/gcc/x86_64-unknown-linux-gnu/4.9.3/../../../../lib64] ==> [/home/plgdziekan/local_installs/gcc-4.9.3-install/lib64]
  collapse library dir [/lib/../lib64] ==> [/lib64]
  collapse library dir [/usr/lib/../lib64] ==> [/usr/lib64]
  collapse library dir [/home/plgdziekan/local_installs/blitz-0.10/lib] ==> [/home/plgdziekan/local_installs/blitz-0.10/lib]
  collapse library dir [/home/plgdziekan/local_installs/bzip2-1.0.6/build/lib] ==> [/home/plgdziekan/local_installs/bzip2-1.0.6/build/lib]
  collapse library dir [/home/plgdziekan/local_installs/gcc-4.9.3-install/lib64] ==> [/home/plgdziekan/local_installs/gcc-4.9.3-install/lib64]
  collapse library dir [/home/plgdziekan/local_installs/gcc-4.9.3-install/lib/gcc/x86_64-unknown-linux-gnu/4.9.3/../../..] ==> [/home/plgdziekan/local_installs/gcc-4.9.3-install/lib]
  implicit libs: [stdc++;m;c]
  implicit dirs: [/home/plgdziekan/local_installs/gcc-4.9.3-install/lib64;/home/plgdziekan/local_installs/gcc-4.9.3-install/lib/gcc/x86_64-unknown-linux-gnu/4.9.3;/lib64;/usr/lib64;/home/plgdziekan/local_installs/blitz-0.10/lib;/home/plgdziekan/local_installs/bzip2-1.0.6/build/lib;/home/plgdziekan/local_installs/gcc-4.9.3-install/lib]
  implicit fwks: []




Detecting CXX [-std=c++14] compiler features compiled with the following output:
Change Dir: /home/plgdziekan/code/drawbicyc/build/CMakeFiles/CMakeTmp

Run Build Command:"/usr/bin/gmake" "cmTC_e1ff5/fast"
/usr/bin/gmake -f CMakeFiles/cmTC_e1ff5.dir/build.make CMakeFiles/cmTC_e1ff5.dir/build
gmake[1]: Entering directory `/home/plgdziekan/code/drawbicyc/build/CMakeFiles/CMakeTmp'
Building CXX object CMakeFiles/cmTC_e1ff5.dir/feature_tests.cxx.o
/home/plgdziekan/local_installs/gcc-4.9.3-install/bin/g++     -std=c++14 -o CMakeFiles/cmTC_e1ff5.dir/feature_tests.cxx.o -c /home/plgdziekan/code/drawbicyc/build/CMakeFiles/feature_tests.cxx
Linking CXX executable cmTC_e1ff5
/home/plgdziekan/local_installs/cmake-3.5.0-Linux-x86_64/bin/cmake -E cmake_link_script CMakeFiles/cmTC_e1ff5.dir/link.txt --verbose=1
/home/plgdziekan/local_installs/gcc-4.9.3-install/bin/g++        CMakeFiles/cmTC_e1ff5.dir/feature_tests.cxx.o  -o cmTC_e1ff5 -rdynamic 
gmake[1]: Leaving directory `/home/plgdziekan/code/drawbicyc/build/CMakeFiles/CMakeTmp'


    Feature record: CXX_FEATURE:0cxx_aggregate_default_initializers
    Feature record: CXX_FEATURE:1cxx_alias_templates
    Feature record: CXX_FEATURE:1cxx_alignas
    Feature record: CXX_FEATURE:1cxx_alignof
    Feature record: CXX_FEATURE:1cxx_attributes
    Feature record: CXX_FEATURE:1cxx_attribute_deprecated
    Feature record: CXX_FEATURE:1cxx_auto_type
    Feature record: CXX_FEATURE:1cxx_binary_literals
    Feature record: CXX_FEATURE:1cxx_constexpr
    Feature record: CXX_FEATURE:1cxx_contextual_conversions
    Feature record: CXX_FEATURE:1cxx_decltype
    Feature record: CXX_FEATURE:1cxx_decltype_auto
    Feature record: CXX_FEATURE:1cxx_decltype_incomplete_return_types
    Feature record: CXX_FEATURE:1cxx_default_function_template_args
    Feature record: CXX_FEATURE:1cxx_defaulted_functions
    Feature record: CXX_FEATURE:1cxx_defaulted_move_initializers
    Feature record: CXX_FEATURE:1cxx_delegating_constructors
    Feature record: CXX_FEATURE:1cxx_deleted_functions
    Feature record: CXX_FEATURE:1cxx_digit_separators
    Feature record: CXX_FEATURE:1cxx_enum_forward_declarations
    Feature record: CXX_FEATURE:1cxx_explicit_conversions
    Feature record: CXX_FEATURE:1cxx_extended_friend_declarations
    Feature record: CXX_FEATURE:1cxx_extern_templates
    Feature record: CXX_FEATURE:1cxx_final
    Feature record: CXX_FEATURE:1cxx_func_identifier
    Feature record: CXX_FEATURE:1cxx_generalized_initializers
    Feature record: CXX_FEATURE:1cxx_generic_lambdas
    Feature record: CXX_FEATURE:1cxx_inheriting_constructors
    Feature record: CXX_FEATURE:1cxx_inline_namespaces
    Feature record: CXX_FEATURE:1cxx_lambdas
    Feature record: CXX_FEATURE:1cxx_lambda_init_captures
    Feature record: CXX_FEATURE:1cxx_local_type_template_args
    Feature record: CXX_FEATURE:1cxx_long_long_type
    Feature record: CXX_FEATURE:1cxx_noexcept
    Feature record: CXX_FEATURE:1cxx_nonstatic_member_init
    Feature record: CXX_FEATURE:1cxx_nullptr
    Feature record: CXX_FEATURE:1cxx_override
    Feature record: CXX_FEATURE:1cxx_range_for
    Feature record: CXX_FEATURE:1cxx_raw_string_literals
    Feature record: CXX_FEATURE:1cxx_reference_qualified_functions
    Feature record: CXX_FEATURE:0cxx_relaxed_constexpr
    Feature record: CXX_FEATURE:1cxx_return_type_deduction
    Feature record: CXX_FEATURE:1cxx_right_angle_brackets
    Feature record: CXX_FEATURE:1cxx_rvalue_references
    Feature record: CXX_FEATURE:1cxx_sizeof_member
    Feature record: CXX_FEATURE:1cxx_static_assert
    Feature record: CXX_FEATURE:1cxx_strong_enums
    Feature record: CXX_FEATURE:1cxx_template_template_parameters
    Feature record: CXX_FEATURE:1cxx_thread_local
    Feature record: CXX_FEATURE:1cxx_trailing_return_types
    Feature record: CXX_FEATURE:1cxx_unicode_literals
    Feature record: CXX_FEATURE:1cxx_uniform_initialization
    Feature record: CXX_FEATURE:1cxx_unrestricted_unions
    Feature record: CXX_FEATURE:1cxx_user_literals
    Feature record: CXX_FEATURE:0cxx_variable_templates
    Feature record: CXX_FEATURE:1cxx_variadic_macros
    Feature record: CXX_FEATURE:1cxx_variadic_templates


Detecting CXX [-std=c++11] compiler features compiled with the following output:
Change Dir: /home/plgdziekan/code/drawbicyc/build/CMakeFiles/CMakeTmp

Run Build Command:"/usr/bin/gmake" "cmTC_ee041/fast"
/usr/bin/gmake -f CMakeFiles/cmTC_ee041.dir/build.make CMakeFiles/cmTC_ee041.dir/build
gmake[1]: Entering directory `/home/plgdziekan/code/drawbicyc/build/CMakeFiles/CMakeTmp'
Building CXX object CMakeFiles/cmTC_ee041.dir/feature_tests.cxx.o
/home/plgdziekan/local_installs/gcc-4.9.3-install/bin/g++     -std=c++11 -o CMakeFiles/cmTC_ee041.dir/feature_tests.cxx.o -c /home/plgdziekan/code/drawbicyc/build/CMakeFiles/feature_tests.cxx
Linking CXX executable cmTC_ee041
/home/plgdziekan/local_installs/cmake-3.5.0-Linux-x86_64/bin/cmake -E cmake_link_script CMakeFiles/cmTC_ee041.dir/link.txt --verbose=1
/home/plgdziekan/local_installs/gcc-4.9.3-install/bin/g++        CMakeFiles/cmTC_ee041.dir/feature_tests.cxx.o  -o cmTC_ee041 -rdynamic 
gmake[1]: Leaving directory `/home/plgdziekan/code/drawbicyc/build/CMakeFiles/CMakeTmp'


    Feature record: CXX_FEATURE:0cxx_aggregate_default_initializers
    Feature record: CXX_FEATURE:1cxx_alias_templates
    Feature record: CXX_FEATURE:1cxx_alignas
    Feature record: CXX_FEATURE:1cxx_alignof
    Feature record: CXX_FEATURE:1cxx_attributes
    Feature record: CXX_FEATURE:0cxx_attribute_deprecated
    Feature record: CXX_FEATURE:1cxx_auto_type
    Feature record: CXX_FEATURE:0cxx_binary_literals
    Feature record: CXX_FEATURE:1cxx_constexpr
    Feature record: CXX_FEATURE:0cxx_contextual_conversions
    Feature record: CXX_FEATURE:1cxx_decltype
    Feature record: CXX_FEATURE:0cxx_decltype_auto
    Feature record: CXX_FEATURE:1cxx_decltype_incomplete_return_types
    Feature record: CXX_FEATURE:1cxx_default_function_template_args
    Feature record: CXX_FEATURE:1cxx_defaulted_functions
    Feature record: CXX_FEATURE:1cxx_defaulted_move_initializers
    Feature record: CXX_FEATURE:1cxx_delegating_constructors
    Feature record: CXX_FEATURE:1cxx_deleted_functions
    Feature record: CXX_FEATURE:0cxx_digit_separators
    Feature record: CXX_FEATURE:1cxx_enum_forward_declarations
    Feature record: CXX_FEATURE:1cxx_explicit_conversions
    Feature record: CXX_FEATURE:1cxx_extended_friend_declarations
    Feature record: CXX_FEATURE:1cxx_extern_templates
    Feature record: CXX_FEATURE:1cxx_final
    Feature record: CXX_FEATURE:1cxx_func_identifier
    Feature record: CXX_FEATURE:1cxx_generalized_initializers
    Feature record: CXX_FEATURE:0cxx_generic_lambdas
    Feature record: CXX_FEATURE:1cxx_inheriting_constructors
    Feature record: CXX_FEATURE:1cxx_inline_namespaces
    Feature record: CXX_FEATURE:1cxx_lambdas
    Feature record: CXX_FEATURE:0cxx_lambda_init_captures
    Feature record: CXX_FEATURE:1cxx_local_type_template_args
    Feature record: CXX_FEATURE:1cxx_long_long_type
    Feature record: CXX_FEATURE:1cxx_noexcept
    Feature record: CXX_FEATURE:1cxx_nonstatic_member_init
    Feature record: CXX_FEATURE:1cxx_nullptr
    Feature record: CXX_FEATURE:1cxx_override
    Feature record: CXX_FEATURE:1cxx_range_for
    Feature record: CXX_FEATURE:1cxx_raw_string_literals
    Feature record: CXX_FEATURE:1cxx_reference_qualified_functions
    Feature record: CXX_FEATURE:0cxx_relaxed_constexpr
    Feature record: CXX_FEATURE:0cxx_return_type_deduction
    Feature record: CXX_FEATURE:1cxx_right_angle_brackets
    Feature record: CXX_FEATURE:1cxx_rvalue_references
    Feature record: CXX_FEATURE:1cxx_sizeof_member
    Feature record: CXX_FEATURE:1cxx_static_assert
    Feature record: CXX_FEATURE:1cxx_strong_enums
    Feature record: CXX_FEATURE:1cxx_template_template_parameters
    Feature record: CXX_FEATURE:1cxx_thread_local
    Feature record: CXX_FEATURE:1cxx_trailing_return_types
    Feature record: CXX_FEATURE:1cxx_unicode_literals
    Feature record: CXX_FEATURE:1cxx_uniform_initialization
    Feature record: CXX_FEATURE:1cxx_unrestricted_unions
    Feature record: CXX_FEATURE:1cxx_user_literals
    Feature record: CXX_FEATURE:0cxx_variable_templates
    Feature record: CXX_FEATURE:1cxx_variadic_macros
    Feature record: CXX_FEATURE:1cxx_variadic_templates


Detecting CXX [-std=c++98] compiler features compiled with the following output:
Change Dir: /home/plgdziekan/code/drawbicyc/build/CMakeFiles/CMakeTmp

Run Build Command:"/usr/bin/gmake" "cmTC_0c610/fast"
/usr/bin/gmake -f CMakeFiles/cmTC_0c610.dir/build.make CMakeFiles/cmTC_0c610.dir/build
gmake[1]: Entering directory `/home/plgdziekan/code/drawbicyc/build/CMakeFiles/CMakeTmp'
Building CXX object CMakeFiles/cmTC_0c610.dir/feature_tests.cxx.o
/home/plgdziekan/local_installs/gcc-4.9.3-install/bin/g++     -std=c++98 -o CMakeFiles/cmTC_0c610.dir/feature_tests.cxx.o -c /home/plgdziekan/code/drawbicyc/build/CMakeFiles/feature_tests.cxx
Linking CXX executable cmTC_0c610
/home/plgdziekan/local_installs/cmake-3.5.0-Linux-x86_64/bin/cmake -E cmake_link_script CMakeFiles/cmTC_0c610.dir/link.txt --verbose=1
/home/plgdziekan/local_installs/gcc-4.9.3-install/bin/g++        CMakeFiles/cmTC_0c610.dir/feature_tests.cxx.o  -o cmTC_0c610 -rdynamic 
gmake[1]: Leaving directory `/home/plgdziekan/code/drawbicyc/build/CMakeFiles/CMakeTmp'


    Feature record: CXX_FEATURE:0cxx_aggregate_default_initializers
    Feature record: CXX_FEATURE:0cxx_alias_templates
    Feature record: CXX_FEATURE:0cxx_alignas
    Feature record: CXX_FEATURE:0cxx_alignof
    Feature record: CXX_FEATURE:0cxx_attributes
    Feature record: CXX_FEATURE:0cxx_attribute_deprecated
    Feature record: CXX_FEATURE:0cxx_auto_type
    Feature record: CXX_FEATURE:0cxx_binary_literals
    Feature record: CXX_FEATURE:0cxx_constexpr
    Feature record: CXX_FEATURE:0cxx_contextual_conversions
    Feature record: CXX_FEATURE:0cxx_decltype
    Feature record: CXX_FEATURE:0cxx_decltype_auto
    Feature record: CXX_FEATURE:0cxx_decltype_incomplete_return_types
    Feature record: CXX_FEATURE:0cxx_default_function_template_args
    Feature record: CXX_FEATURE:0cxx_defaulted_functions
    Feature record: CXX_FEATURE:0cxx_defaulted_move_initializers
    Feature record: CXX_FEATURE:0cxx_delegating_constructors
    Feature record: CXX_FEATURE:0cxx_deleted_functions
    Feature record: CXX_FEATURE:0cxx_digit_separators
    Feature record: CXX_FEATURE:0cxx_enum_forward_declarations
    Feature record: CXX_FEATURE:0cxx_explicit_conversions
    Feature record: CXX_FEATURE:0cxx_extended_friend_declarations
    Feature record: CXX_FEATURE:0cxx_extern_templates
    Feature record: CXX_FEATURE:0cxx_final
    Feature record: CXX_FEATURE:0cxx_func_identifier
    Feature record: CXX_FEATURE:0cxx_generalized_initializers
    Feature record: CXX_FEATURE:0cxx_generic_lambdas
    Feature record: CXX_FEATURE:0cxx_inheriting_constructors
    Feature record: CXX_FEATURE:0cxx_inline_namespaces
    Feature record: CXX_FEATURE:0cxx_lambdas
    Feature record: CXX_FEATURE:0cxx_lambda_init_captures
    Feature record: CXX_FEATURE:0cxx_local_type_template_args
    Feature record: CXX_FEATURE:0cxx_long_long_type
    Feature record: CXX_FEATURE:0cxx_noexcept
    Feature record: CXX_FEATURE:0cxx_nonstatic_member_init
    Feature record: CXX_FEATURE:0cxx_nullptr
    Feature record: CXX_FEATURE:0cxx_override
    Feature record: CXX_FEATURE:0cxx_range_for
    Feature record: CXX_FEATURE:0cxx_raw_string_literals
    Feature record: CXX_FEATURE:0cxx_reference_qualified_functions
    Feature record: CXX_FEATURE:0cxx_relaxed_constexpr
    Feature record: CXX_FEATURE:0cxx_return_type_deduction
    Feature record: CXX_FEATURE:0cxx_right_angle_brackets
    Feature record: CXX_FEATURE:0cxx_rvalue_references
    Feature record: CXX_FEATURE:0cxx_sizeof_member
    Feature record: CXX_FEATURE:0cxx_static_assert
    Feature record: CXX_FEATURE:0cxx_strong_enums
    Feature record: CXX_FEATURE:1cxx_template_template_parameters
    Feature record: CXX_FEATURE:0cxx_thread_local
    Feature record: CXX_FEATURE:0cxx_trailing_return_types
    Feature record: CXX_FEATURE:0cxx_unicode_literals
    Feature record: CXX_FEATURE:0cxx_uniform_initialization
    Feature record: CXX_FEATURE:0cxx_unrestricted_unions
    Feature record: CXX_FEATURE:0cxx_user_literals
    Feature record: CXX_FEATURE:0cxx_variable_templates
    Feature record: CXX_FEATURE:0cxx_variadic_macros
    Feature record: CXX_FEATURE:0cxx_variadic_templates
Determining if the C compiler works passed with the following output:
Change Dir: /home/plgdziekan/code/drawbicyc/build/CMakeFiles/CMakeTmp

Run Build Command:"/usr/bin/gmake" "cmTC_8336c/fast"
/usr/bin/gmake -f CMakeFiles/cmTC_8336c.dir/build.make CMakeFiles/cmTC_8336c.dir/build
gmake[1]: Entering directory `/home/plgdziekan/code/drawbicyc/build/CMakeFiles/CMakeTmp'
Building C object CMakeFiles/cmTC_8336c.dir/testCCompiler.c.o
/home/plgdziekan/local_installs/gcc-4.9.3-install/bin/gcc     -o CMakeFiles/cmTC_8336c.dir/testCCompiler.c.o   -c /home/plgdziekan/code/drawbicyc/build/CMakeFiles/CMakeTmp/testCCompiler.c
Linking C executable cmTC_8336c
/home/plgdziekan/local_installs/cmake-3.5.0-Linux-x86_64/bin/cmake -E cmake_link_script CMakeFiles/cmTC_8336c.dir/link.txt --verbose=1
/home/plgdziekan/local_installs/gcc-4.9.3-install/bin/gcc       CMakeFiles/cmTC_8336c.dir/testCCompiler.c.o  -o cmTC_8336c -rdynamic 
gmake[1]: Leaving directory `/home/plgdziekan/code/drawbicyc/build/CMakeFiles/CMakeTmp'


Detecting C compiler ABI info compiled with the following output:
Change Dir: /home/plgdziekan/code/drawbicyc/build/CMakeFiles/CMakeTmp

Run Build Command:"/usr/bin/gmake" "cmTC_0b666/fast"
/usr/bin/gmake -f CMakeFiles/cmTC_0b666.dir/build.make CMakeFiles/cmTC_0b666.dir/build
gmake[1]: Entering directory `/home/plgdziekan/code/drawbicyc/build/CMakeFiles/CMakeTmp'
Building C object CMakeFiles/cmTC_0b666.dir/CMakeCCompilerABI.c.o
/home/plgdziekan/local_installs/gcc-4.9.3-install/bin/gcc     -o CMakeFiles/cmTC_0b666.dir/CMakeCCompilerABI.c.o   -c /home/plgdziekan/local_installs/cmake-3.5.0-Linux-x86_64/share/cmake-3.5/Modules/CMakeCCompilerABI.c
Linking C executable cmTC_0b666
/home/plgdziekan/local_installs/cmake-3.5.0-Linux-x86_64/bin/cmake -E cmake_link_script CMakeFiles/cmTC_0b666.dir/link.txt --verbose=1
/home/plgdziekan/local_installs/gcc-4.9.3-install/bin/gcc      -v CMakeFiles/cmTC_0b666.dir/CMakeCCompilerABI.c.o  -o cmTC_0b666 -rdynamic  
Using built-in specs.
COLLECT_GCC=/home/plgdziekan/local_installs/gcc-4.9.3-install/bin/gcc
COLLECT_LTO_WRAPPER=/home/plgdziekan/local_installs/gcc-4.9.3-install/libexec/gcc/x86_64-unknown-linux-gnu/4.9.3/lto-wrapper
Target: x86_64-unknown-linux-gnu
Configured with: ../gcc-4.9.3/configure --prefix=/home/plgdziekan/local_installs/gcc-4.9.3-install --enable-threads --enable-languages=c,c++ --disable-multilib --disable-libsanitizer --disable-nls
Thread model: posix
gcc version 4.9.3 (GCC) 
COMPILER_PATH=/home/plgdziekan/local_installs/gcc-4.9.3-install/libexec/gcc/x86_64-unknown-linux-gnu/4.9.3/:/home/plgdziekan/local_installs/gcc-4.9.3-install/libexec/gcc/x86_64-unknown-linux-gnu/4.9.3/:/home/plgdziekan/local_installs/gcc-4.9.3-install/libexec/gcc/x86_64-unknown-linux-gnu/:/home/plgdziekan/local_installs/gcc-4.9.3-install/lib/gcc/x86_64-unknown-linux-gnu/4.9.3/:/home/plgdziekan/local_installs/gcc-4.9.3-install/lib/gcc/x86_64-unknown-linux-gnu/
LIBRARY_PATH=/home/plgdziekan/local_installs/gcc-4.9.3-install/lib64/../lib64/:/home/plgdziekan/local_installs/gcc-4.9.3-install/lib/gcc/x86_64-unknown-linux-gnu/4.9.3/:/home/plgdziekan/local_installs/gcc-4.9.3-install/lib/gcc/x86_64-unknown-linux-gnu/4.9.3/../../../../lib64/:/lib/../lib64/:/usr/lib/../lib64/:./:/home/plgdziekan/local_installs/blitz-0.10/lib/:/home/plgdziekan/local_installs/bzip2-1.0.6/build/lib/:/home/plgdziekan/local_installs/gcc-4.9.3-install/lib64/:/home/plgdziekan/local_installs/gcc-4.9.3-install/lib/gcc/x86_64-unknown-linux-gnu/4.9.3/../../../:/lib/:/usr/lib/
COLLECT_GCC_OPTIONS='-v' '-o' 'cmTC_0b666' '-rdynamic' '-mtune=generic' '-march=x86-64'
 /home/plgdziekan/local_installs/gcc-4.9.3-install/libexec/gcc/x86_64-unknown-linux-gnu/4.9.3/collect2 -plugin /home/plgdziekan/local_installs/gcc-4.9.3-install/libexec/gcc/x86_64-unknown-linux-gnu/4.9.3/liblto_plugin.so -plugin-opt=/home/plgdziekan/local_installs/gcc-4.9.3-install/libexec/gcc/x86_64-unknown-linux-gnu/4.9.3/lto-wrapper -plugin-opt=-fresolution=/tmp/ccNeTbWo.res -plugin-opt=-pass-through=-lgcc -plugin-opt=-pass-through=-lgcc_s -plugin-opt=-pass-through=-lc -plugin-opt=-pass-through=-lgcc -plugin-opt=-pass-through=-lgcc_s --eh-frame-hdr -m elf_x86_64 -export-dynamic -dynamic-linker /lib64/ld-linux-x86-64.so.2 -o cmTC_0b666 /lib/../lib64/crt1.o /lib/../lib64/crti.o /home/plgdziekan/local_installs/gcc-4.9.3-install/lib/gcc/x86_64-unknown-linux-gnu/4.9.3/crtbegin.o -L/home/plgdziekan/local_installs/gcc-4.9.3-install/lib64/../lib64 -L/home/plgdziekan/local_installs/gcc-4.9.3-install/lib/gcc/x86_64-unknown-linux-gnu/4.9.3 -L/home/plgdziekan/local_installs/gcc-4.9.3-install/lib/gcc/x86_64-unknown-linux-gnu/4.9.3/../../../../lib64 -L/lib/../lib64 -L/usr/lib/../lib64 -L. -L/home/plgdziekan/local_installs/blitz-0.10/lib -L/home/plgdziekan/local_installs/bzip2-1.0.6/build/lib -L/home/plgdziekan/local_installs/gcc-4.9.3-install/lib64 -L/home/plgdziekan/local_installs/gcc-4.9.3-install/lib/gcc/x86_64-unknown-linux-gnu/4.9.3/../../.. CMakeFiles/cmTC_0b666.dir/CMakeCCompilerABI.c.o -lgcc --as-needed -lgcc_s --no-as-needed -lc -lgcc --as-needed -lgcc_s --no-as-needed /home/plgdziekan/local_installs/gcc-4.9.3-install/lib/gcc/x86_64-unknown-linux-gnu/4.9.3/crtend.o /lib/../lib64/crtn.o
gmake[1]: Leaving directory `/home/plgdziekan/code/drawbicyc/build/CMakeFiles/CMakeTmp'


Parsed C implicit link information from above output:
  link line regex: [^( *|.*[/\])(ld|([^/\]+-)?ld|collect2)[^/\]*( |$)]
  ignore line: [Change Dir: /home/plgdziekan/code/drawbicyc/build/CMakeFiles/CMakeTmp]
  ignore line: []
  ignore line: [Run Build Command:"/usr/bin/gmake" "cmTC_0b666/fast"]
  ignore line: [/usr/bin/gmake -f CMakeFiles/cmTC_0b666.dir/build.make CMakeFiles/cmTC_0b666.dir/build]
  ignore line: [gmake[1]: Entering directory `/home/plgdziekan/code/drawbicyc/build/CMakeFiles/CMakeTmp']
  ignore line: [Building C object CMakeFiles/cmTC_0b666.dir/CMakeCCompilerABI.c.o]
  ignore line: [/home/plgdziekan/local_installs/gcc-4.9.3-install/bin/gcc     -o CMakeFiles/cmTC_0b666.dir/CMakeCCompilerABI.c.o   -c /home/plgdziekan/local_installs/cmake-3.5.0-Linux-x86_64/share/cmake-3.5/Modules/CMakeCCompilerABI.c]
  ignore line: [Linking C executable cmTC_0b666]
  ignore line: [/home/plgdziekan/local_installs/cmake-3.5.0-Linux-x86_64/bin/cmake -E cmake_link_script CMakeFiles/cmTC_0b666.dir/link.txt --verbose=1]
  ignore line: [/home/plgdziekan/local_installs/gcc-4.9.3-install/bin/gcc      -v CMakeFiles/cmTC_0b666.dir/CMakeCCompilerABI.c.o  -o cmTC_0b666 -rdynamic  ]
  ignore line: [Using built-in specs.]
  ignore line: [COLLECT_GCC=/home/plgdziekan/local_installs/gcc-4.9.3-install/bin/gcc]
  ignore line: [COLLECT_LTO_WRAPPER=/home/plgdziekan/local_installs/gcc-4.9.3-install/libexec/gcc/x86_64-unknown-linux-gnu/4.9.3/lto-wrapper]
  ignore line: [Target: x86_64-unknown-linux-gnu]
  ignore line: [Configured with: ../gcc-4.9.3/configure --prefix=/home/plgdziekan/local_installs/gcc-4.9.3-install --enable-threads --enable-languages=c,c++ --disable-multilib --disable-libsanitizer --disable-nls]
  ignore line: [Thread model: posix]
  ignore line: [gcc version 4.9.3 (GCC) ]
  ignore line: [COMPILER_PATH=/home/plgdziekan/local_installs/gcc-4.9.3-install/libexec/gcc/x86_64-unknown-linux-gnu/4.9.3/:/home/plgdziekan/local_installs/gcc-4.9.3-install/libexec/gcc/x86_64-unknown-linux-gnu/4.9.3/:/home/plgdziekan/local_installs/gcc-4.9.3-install/libexec/gcc/x86_64-unknown-linux-gnu/:/home/plgdziekan/local_installs/gcc-4.9.3-install/lib/gcc/x86_64-unknown-linux-gnu/4.9.3/:/home/plgdziekan/local_installs/gcc-4.9.3-install/lib/gcc/x86_64-unknown-linux-gnu/]
  ignore line: [LIBRARY_PATH=/home/plgdziekan/local_installs/gcc-4.9.3-install/lib64/../lib64/:/home/plgdziekan/local_installs/gcc-4.9.3-install/lib/gcc/x86_64-unknown-linux-gnu/4.9.3/:/home/plgdziekan/local_installs/gcc-4.9.3-install/lib/gcc/x86_64-unknown-linux-gnu/4.9.3/../../../../lib64/:/lib/../lib64/:/usr/lib/../lib64/:./:/home/plgdziekan/local_installs/blitz-0.10/lib/:/home/plgdziekan/local_installs/bzip2-1.0.6/build/lib/:/home/plgdziekan/local_installs/gcc-4.9.3-install/lib64/:/home/plgdziekan/local_installs/gcc-4.9.3-install/lib/gcc/x86_64-unknown-linux-gnu/4.9.3/../../../:/lib/:/usr/lib/]
  ignore line: [COLLECT_GCC_OPTIONS='-v' '-o' 'cmTC_0b666' '-rdynamic' '-mtune=generic' '-march=x86-64']
  link line: [ /home/plgdziekan/local_installs/gcc-4.9.3-install/libexec/gcc/x86_64-unknown-linux-gnu/4.9.3/collect2 -plugin /home/plgdziekan/local_installs/gcc-4.9.3-install/libexec/gcc/x86_64-unknown-linux-gnu/4.9.3/liblto_plugin.so -plugin-opt=/home/plgdziekan/local_installs/gcc-4.9.3-install/libexec/gcc/x86_64-unknown-linux-gnu/4.9.3/lto-wrapper -plugin-opt=-fresolution=/tmp/ccNeTbWo.res -plugin-opt=-pass-through=-lgcc -plugin-opt=-pass-through=-lgcc_s -plugin-opt=-pass-through=-lc -plugin-opt=-pass-through=-lgcc -plugin-opt=-pass-through=-lgcc_s --eh-frame-hdr -m elf_x86_64 -export-dynamic -dynamic-linker /lib64/ld-linux-x86-64.so.2 -o cmTC_0b666 /lib/../lib64/crt1.o /lib/../lib64/crti.o /home/plgdziekan/local_installs/gcc-4.9.3-install/lib/gcc/x86_64-unknown-linux-gnu/4.9.3/crtbegin.o -L/home/plgdziekan/local_installs/gcc-4.9.3-install/lib64/../lib64 -L/home/plgdziekan/local_installs/gcc-4.9.3-install/lib/gcc/x86_64-unknown-linux-gnu/4.9.3 -L/home/plgdziekan/local_installs/gcc-4.9.3-install/lib/gcc/x86_64-unknown-linux-gnu/4.9.3/../../../../lib64 -L/lib/../lib64 -L/usr/lib/../lib64 -L. -L/home/plgdziekan/local_installs/blitz-0.10/lib -L/home/plgdziekan/local_installs/bzip2-1.0.6/build/lib -L/home/plgdziekan/local_installs/gcc-4.9.3-install/lib64 -L/home/plgdziekan/local_installs/gcc-4.9.3-install/lib/gcc/x86_64-unknown-linux-gnu/4.9.3/../../.. CMakeFiles/cmTC_0b666.dir/CMakeCCompilerABI.c.o -lgcc --as-needed -lgcc_s --no-as-needed -lc -lgcc --as-needed -lgcc_s --no-as-needed /home/plgdziekan/local_installs/gcc-4.9.3-install/lib/gcc/x86_64-unknown-linux-gnu/4.9.3/crtend.o /lib/../lib64/crtn.o]
    arg [/home/plgdziekan/local_installs/gcc-4.9.3-install/libexec/gcc/x86_64-unknown-linux-gnu/4.9.3/collect2] ==> ignore
    arg [-plugin] ==> ignore
    arg [/home/plgdziekan/local_installs/gcc-4.9.3-install/libexec/gcc/x86_64-unknown-linux-gnu/4.9.3/liblto_plugin.so] ==> ignore
    arg [-plugin-opt=/home/plgdziekan/local_installs/gcc-4.9.3-install/libexec/gcc/x86_64-unknown-linux-gnu/4.9.3/lto-wrapper] ==> ignore
    arg [-plugin-opt=-fresolution=/tmp/ccNeTbWo.res] ==> ignore
    arg [-plugin-opt=-pass-through=-lgcc] ==> ignore
    arg [-plugin-opt=-pass-through=-lgcc_s] ==> ignore
    arg [-plugin-opt=-pass-through=-lc] ==> ignore
    arg [-plugin-opt=-pass-through=-lgcc] ==> ignore
    arg [-plugin-opt=-pass-through=-lgcc_s] ==> ignore
    arg [--eh-frame-hdr] ==> ignore
    arg [-m] ==> ignore
    arg [elf_x86_64] ==> ignore
    arg [-export-dynamic] ==> ignore
    arg [-dynamic-linker] ==> ignore
    arg [/lib64/ld-linux-x86-64.so.2] ==> ignore
    arg [-o] ==> ignore
    arg [cmTC_0b666] ==> ignore
    arg [/lib/../lib64/crt1.o] ==> ignore
    arg [/lib/../lib64/crti.o] ==> ignore
    arg [/home/plgdziekan/local_installs/gcc-4.9.3-install/lib/gcc/x86_64-unknown-linux-gnu/4.9.3/crtbegin.o] ==> ignore
    arg [-L/home/plgdziekan/local_installs/gcc-4.9.3-install/lib64/../lib64] ==> dir [/home/plgdziekan/local_installs/gcc-4.9.3-install/lib64/../lib64]
    arg [-L/home/plgdziekan/local_installs/gcc-4.9.3-install/lib/gcc/x86_64-unknown-linux-gnu/4.9.3] ==> dir [/home/plgdziekan/local_installs/gcc-4.9.3-install/lib/gcc/x86_64-unknown-linux-gnu/4.9.3]
    arg [-L/home/plgdziekan/local_installs/gcc-4.9.3-install/lib/gcc/x86_64-unknown-linux-gnu/4.9.3/../../../../lib64] ==> dir [/home/plgdziekan/local_installs/gcc-4.9.3-install/lib/gcc/x86_64-unknown-linux-gnu/4.9.3/../../../../lib64]
    arg [-L/lib/../lib64] ==> dir [/lib/../lib64]
    arg [-L/usr/lib/../lib64] ==> dir [/usr/lib/../lib64]
    arg [-L.] ==> ignore
    arg [-L/home/plgdziekan/local_installs/blitz-0.10/lib] ==> dir [/home/plgdziekan/local_installs/blitz-0.10/lib]
    arg [-L/home/plgdziekan/local_installs/bzip2-1.0.6/build/lib] ==> dir [/home/plgdziekan/local_installs/bzip2-1.0.6/build/lib]
    arg [-L/home/plgdziekan/local_installs/gcc-4.9.3-install/lib64] ==> dir [/home/plgdziekan/local_installs/gcc-4.9.3-install/lib64]
    arg [-L/home/plgdziekan/local_installs/gcc-4.9.3-install/lib/gcc/x86_64-unknown-linux-gnu/4.9.3/../../..] ==> dir [/home/plgdziekan/local_installs/gcc-4.9.3-install/lib/gcc/x86_64-unknown-linux-gnu/4.9.3/../../..]
    arg [CMakeFiles/cmTC_0b666.dir/CMakeCCompilerABI.c.o] ==> ignore
    arg [-lgcc] ==> lib [gcc]
    arg [--as-needed] ==> ignore
    arg [-lgcc_s] ==> lib [gcc_s]
    arg [--no-as-needed] ==> ignore
    arg [-lc] ==> lib [c]
    arg [-lgcc] ==> lib [gcc]
    arg [--as-needed] ==> ignore
    arg [-lgcc_s] ==> lib [gcc_s]
    arg [--no-as-needed] ==> ignore
    arg [/home/plgdziekan/local_installs/gcc-4.9.3-install/lib/gcc/x86_64-unknown-linux-gnu/4.9.3/crtend.o] ==> ignore
    arg [/lib/../lib64/crtn.o] ==> ignore
  remove lib [gcc]
  remove lib [gcc_s]
  remove lib [gcc]
  remove lib [gcc_s]
  collapse library dir [/home/plgdziekan/local_installs/gcc-4.9.3-install/lib64/../lib64] ==> [/home/plgdziekan/local_installs/gcc-4.9.3-install/lib64]
  collapse library dir [/home/plgdziekan/local_installs/gcc-4.9.3-install/lib/gcc/x86_64-unknown-linux-gnu/4.9.3] ==> [/home/plgdziekan/local_installs/gcc-4.9.3-install/lib/gcc/x86_64-unknown-linux-gnu/4.9.3]
  collapse library dir [/home/plgdziekan/local_installs/gcc-4.9.3-install/lib/gcc/x86_64-unknown-linux-gnu/4.9.3/../../../../lib64] ==> [/home/plgdziekan/local_installs/gcc-4.9.3-install/lib64]
  collapse library dir [/lib/../lib64] ==> [/lib64]
  collapse library dir [/usr/lib/../lib64] ==> [/usr/lib64]
  collapse library dir [/home/plgdziekan/local_installs/blitz-0.10/lib] ==> [/home/plgdziekan/local_installs/blitz-0.10/lib]
  collapse library dir [/home/plgdziekan/local_installs/bzip2-1.0.6/build/lib] ==> [/home/plgdziekan/local_installs/bzip2-1.0.6/build/lib]
  collapse library dir [/home/plgdziekan/local_installs/gcc-4.9.3-install/lib64] ==> [/home/plgdziekan/local_installs/gcc-4.9.3-install/lib64]
  collapse library dir [/home/plgdziekan/local_installs/gcc-4.9.3-install/lib/gcc/x86_64-unknown-linux-gnu/4.9.3/../../..] ==> [/home/plgdziekan/local_installs/gcc-4.9.3-install/lib]
  implicit libs: [c]
  implicit dirs: [/home/plgdziekan/local_installs/gcc-4.9.3-install/lib64;/home/plgdziekan/local_installs/gcc-4.9.3-install/lib/gcc/x86_64-unknown-linux-gnu/4.9.3;/lib64;/usr/lib64;/home/plgdziekan/local_installs/blitz-0.10/lib;/home/plgdziekan/local_installs/bzip2-1.0.6/build/lib;/home/plgdziekan/local_installs/gcc-4.9.3-install/lib]
  implicit fwks: []




Detecting C [-std=c11] compiler features compiled with the following output:
Change Dir: /home/plgdziekan/code/drawbicyc/build/CMakeFiles/CMakeTmp

Run Build Command:"/usr/bin/gmake" "cmTC_c0302/fast"
/usr/bin/gmake -f CMakeFiles/cmTC_c0302.dir/build.make CMakeFiles/cmTC_c0302.dir/build
gmake[1]: Entering directory `/home/plgdziekan/code/drawbicyc/build/CMakeFiles/CMakeTmp'
Building C object CMakeFiles/cmTC_c0302.dir/feature_tests.c.o
/home/plgdziekan/local_installs/gcc-4.9.3-install/bin/gcc    -std=c11 -o CMakeFiles/cmTC_c0302.dir/feature_tests.c.o   -c /home/plgdziekan/code/drawbicyc/build/CMakeFiles/feature_tests.c
Linking C executable cmTC_c0302
/home/plgdziekan/local_installs/cmake-3.5.0-Linux-x86_64/bin/cmake -E cmake_link_script CMakeFiles/cmTC_c0302.dir/link.txt --verbose=1
/home/plgdziekan/local_installs/gcc-4.9.3-install/bin/gcc       CMakeFiles/cmTC_c0302.dir/feature_tests.c.o  -o cmTC_c0302 -rdynamic 
gmake[1]: Leaving directory `/home/plgdziekan/code/drawbicyc/build/CMakeFiles/CMakeTmp'


    Feature record: C_FEATURE:1c_function_prototypes
    Feature record: C_FEATURE:1c_restrict
    Feature record: C_FEATURE:1c_static_assert
    Feature record: C_FEATURE:1c_variadic_macros


Detecting C [-std=c99] compiler features compiled with the following output:
Change Dir: /home/plgdziekan/code/drawbicyc/build/CMakeFiles/CMakeTmp

Run Build Command:"/usr/bin/gmake" "cmTC_6daec/fast"
/usr/bin/gmake -f CMakeFiles/cmTC_6daec.dir/build.make CMakeFiles/cmTC_6daec.dir/build
gmake[1]: Entering directory `/home/plgdziekan/code/drawbicyc/build/CMakeFiles/CMakeTmp'
Building C object CMakeFiles/cmTC_6daec.dir/feature_tests.c.o
/home/plgdziekan/local_installs/gcc-4.9.3-install/bin/gcc    -std=c99 -o CMakeFiles/cmTC_6daec.dir/feature_tests.c.o   -c /home/plgdziekan/code/drawbicyc/build/CMakeFiles/feature_tests.c
Linking C executable cmTC_6daec
/home/plgdziekan/local_installs/cmake-3.5.0-Linux-x86_64/bin/cmake -E cmake_link_script CMakeFiles/cmTC_6daec.dir/link.txt --verbose=1
/home/plgdziekan/local_installs/gcc-4.9.3-install/bin/gcc       CMakeFiles/cmTC_6daec.dir/feature_tests.c.o  -o cmTC_6daec -rdynamic 
gmake[1]: Leaving directory `/home/plgdziekan/code/drawbicyc/build/CMakeFiles/CMakeTmp'


    Feature record: C_FEATURE:1c_function_prototypes
    Feature record: C_FEATURE:1c_restrict
    Feature record: C_FEATURE:0c_static_assert
    Feature record: C_FEATURE:1c_variadic_macros


Detecting C [-std=c90] compiler features compiled with the following output:
Change Dir: /home/plgdziekan/code/drawbicyc/build/CMakeFiles/CMakeTmp

Run Build Command:"/usr/bin/gmake" "cmTC_7565d/fast"
/usr/bin/gmake -f CMakeFiles/cmTC_7565d.dir/build.make CMakeFiles/cmTC_7565d.dir/build
gmake[1]: Entering directory `/home/plgdziekan/code/drawbicyc/build/CMakeFiles/CMakeTmp'
Building C object CMakeFiles/cmTC_7565d.dir/feature_tests.c.o
/home/plgdziekan/local_installs/gcc-4.9.3-install/bin/gcc    -std=c90 -o CMakeFiles/cmTC_7565d.dir/feature_tests.c.o   -c /home/plgdziekan/code/drawbicyc/build/CMakeFiles/feature_tests.c
Linking C executable cmTC_7565d
/home/plgdziekan/local_installs/cmake-3.5.0-Linux-x86_64/bin/cmake -E cmake_link_script CMakeFiles/cmTC_7565d.dir/link.txt --verbose=1
/home/plgdziekan/local_installs/gcc-4.9.3-install/bin/gcc       CMakeFiles/cmTC_7565d.dir/feature_tests.c.o  -o cmTC_7565d -rdynamic 
gmake[1]: Leaving directory `/home/plgdziekan/code/drawbicyc/build/CMakeFiles/CMakeTmp'


    Feature record: C_FEATURE:1c_function_prototypes
    Feature record: C_FEATURE:0c_restrict
    Feature record: C_FEATURE:0c_static_assert
    Feature record: C_FEATURE:0c_variadic_macros
Determining if the include file pthread.h exists passed with the following output:
Change Dir: /home/plgdziekan/code/drawbicyc/build/CMakeFiles/CMakeTmp

Run Build Command:"/usr/bin/gmake" "cmTC_46bca/fast"
/usr/bin/gmake -f CMakeFiles/cmTC_46bca.dir/build.make CMakeFiles/cmTC_46bca.dir/build
gmake[1]: Entering directory `/home/plgdziekan/code/drawbicyc/build/CMakeFiles/CMakeTmp'
Building C object CMakeFiles/cmTC_46bca.dir/CheckIncludeFile.c.o
/home/plgdziekan/local_installs/gcc-4.9.3-install/bin/gcc     -o CMakeFiles/cmTC_46bca.dir/CheckIncludeFile.c.o   -c /home/plgdziekan/code/drawbicyc/build/CMakeFiles/CMakeTmp/CheckIncludeFile.c
Linking C executable cmTC_46bca
/home/plgdziekan/local_installs/cmake-3.5.0-Linux-x86_64/bin/cmake -E cmake_link_script CMakeFiles/cmTC_46bca.dir/link.txt --verbose=1
/home/plgdziekan/local_installs/gcc-4.9.3-install/bin/gcc       CMakeFiles/cmTC_46bca.dir/CheckIncludeFile.c.o  -o cmTC_46bca -rdynamic 
gmake[1]: Leaving directory `/home/plgdziekan/code/drawbicyc/build/CMakeFiles/CMakeTmp'


Determining if the function pthread_create exists in the pthread passed with the following output:
Change Dir: /home/plgdziekan/code/drawbicyc/build/CMakeFiles/CMakeTmp

Run Build Command:"/usr/bin/gmake" "cmTC_7cb38/fast"
/usr/bin/gmake -f CMakeFiles/cmTC_7cb38.dir/build.make CMakeFiles/cmTC_7cb38.dir/build
gmake[1]: Entering directory `/home/plgdziekan/code/drawbicyc/build/CMakeFiles/CMakeTmp'
Building C object CMakeFiles/cmTC_7cb38.dir/CheckFunctionExists.c.o
/home/plgdziekan/local_installs/gcc-4.9.3-install/bin/gcc    -DCHECK_FUNCTION_EXISTS=pthread_create   -o CMakeFiles/cmTC_7cb38.dir/CheckFunctionExists.c.o   -c /home/plgdziekan/local_installs/cmake-3.5.0-Linux-x86_64/share/cmake-3.5/Modules/CheckFunctionExists.c
Linking C executable cmTC_7cb38
/home/plgdziekan/local_installs/cmake-3.5.0-Linux-x86_64/bin/cmake -E cmake_link_script CMakeFiles/cmTC_7cb38.dir/link.txt --verbose=1
/home/plgdziekan/local_installs/gcc-4.9.3-install/bin/gcc   -DCHECK_FUNCTION_EXISTS=pthread_create    CMakeFiles/cmTC_7cb38.dir/CheckFunctionExists.c.o  -o cmTC_7cb38 -rdynamic -lpthread 
gmake[1]: Leaving directory `/home/plgdziekan/code/drawbicyc/build/CMakeFiles/CMakeTmp'


