Determining if the pthread_create exist failed with the following output:
Change Dir: /home/pzmij/biblioteki/UWLCM/build_RWDI/CMakeFiles/CMakeTmp

Run Build Command:"/usr/bin/make" "cmTC_62f7b/fast"
/usr/bin/make -f CMakeFiles/cmTC_62f7b.dir/build.make CMakeFiles/cmTC_62f7b.dir/build
make[1]: Entering directory '/home/pzmij/biblioteki/UWLCM/build_RWDI/CMakeFiles/CMakeTmp'
Building C object CMakeFiles/cmTC_62f7b.dir/CheckSymbolExists.c.o
/usr/bin/cc    -o CMakeFiles/cmTC_62f7b.dir/CheckSymbolExists.c.o   -c /home/pzmij/biblioteki/UWLCM/build_RWDI/CMakeFiles/CMakeTmp/CheckSymbolExists.c
Linking C executable cmTC_62f7b
/usr/local/bin/cmake -E cmake_link_script CMakeFiles/cmTC_62f7b.dir/link.txt --verbose=1
/usr/bin/cc      -rdynamic CMakeFiles/cmTC_62f7b.dir/CheckSymbolExists.c.o  -o cmTC_62f7b 
CMakeFiles/cmTC_62f7b.dir/CheckSymbolExists.c.o: In function `main':
CheckSymbolExists.c:(.text+0x1b): undefined reference to `pthread_create'
collect2: error: ld returned 1 exit status
CMakeFiles/cmTC_62f7b.dir/build.make:86: recipe for target 'cmTC_62f7b' failed
make[1]: *** [cmTC_62f7b] Error 1
make[1]: Leaving directory '/home/pzmij/biblioteki/UWLCM/build_RWDI/CMakeFiles/CMakeTmp'
Makefile:121: recipe for target 'cmTC_62f7b/fast' failed
make: *** [cmTC_62f7b/fast] Error 2

File /home/pzmij/biblioteki/UWLCM/build_RWDI/CMakeFiles/CMakeTmp/CheckSymbolExists.c:
/* */
#include <pthread.h>

int main(int argc, char** argv)
{
  (void)argv;
#ifndef pthread_create
  return ((int*)(&pthread_create))[argc];
#else
  (void)argc;
  return 0;
#endif
}

Determining if the function pthread_create exists in the pthreads failed with the following output:
Change Dir: /home/pzmij/biblioteki/UWLCM/build_RWDI/CMakeFiles/CMakeTmp

Run Build Command:"/usr/bin/make" "cmTC_232e0/fast"
/usr/bin/make -f CMakeFiles/cmTC_232e0.dir/build.make CMakeFiles/cmTC_232e0.dir/build
make[1]: Entering directory '/home/pzmij/biblioteki/UWLCM/build_RWDI/CMakeFiles/CMakeTmp'
Building C object CMakeFiles/cmTC_232e0.dir/CheckFunctionExists.c.o
/usr/bin/cc   -DCHECK_FUNCTION_EXISTS=pthread_create   -o CMakeFiles/cmTC_232e0.dir/CheckFunctionExists.c.o   -c /usr/local/share/cmake-3.13/Modules/CheckFunctionExists.c
Linking C executable cmTC_232e0
/usr/local/bin/cmake -E cmake_link_script CMakeFiles/cmTC_232e0.dir/link.txt --verbose=1
/usr/bin/cc  -DCHECK_FUNCTION_EXISTS=pthread_create    -rdynamic CMakeFiles/cmTC_232e0.dir/CheckFunctionExists.c.o  -o cmTC_232e0 -lpthreads 
/usr/bin/ld: cannot find -lpthreads
collect2: error: ld returned 1 exit status
CMakeFiles/cmTC_232e0.dir/build.make:86: recipe for target 'cmTC_232e0' failed
make[1]: *** [cmTC_232e0] Error 1
make[1]: Leaving directory '/home/pzmij/biblioteki/UWLCM/build_RWDI/CMakeFiles/CMakeTmp'
Makefile:121: recipe for target 'cmTC_232e0/fast' failed
make: *** [cmTC_232e0/fast] Error 2


